<?xml version="1.0" encoding="UTF-8" standalone="no"?>
<!DOCTYPE log SYSTEM "logger.dtd">
<log>
<record>
  <date>2020-05-29T11:54:14</date>
  <millis>1590728054079</millis>
  <sequence>0</sequence>
  <level>START</level>
  <class>com.kms.katalon.core.logging.XmlKeywordLogger</class>
  <method>startSuite</method>
  <thread>1</thread>
  <message>Start Test Suite : Test Suites/Christi/Reward Management - Reward Master List</message>
  <nestedLevel>0</nestedLevel>
  <property name="name">Reward Management - Reward Master List</property>
  <property name="description"></property>
  <property name="id">Test Suites/Christi/Reward Management - Reward Master List</property>
</record>
<record>
  <date>2020-05-29T11:54:14</date>
  <millis>1590728054119</millis>
  <sequence>1</sequence>
  <level>RUN_DATA</level>
  <class>com.kms.katalon.core.logging.XmlKeywordLogger</class>
  <method>logMessage</method>
  <thread>1</thread>
  <message>hostName = ASUS - LAPTOP-D0TPACJ1</message>
  <nestedLevel>0</nestedLevel>
  <property name="hostName">ASUS - LAPTOP-D0TPACJ1</property>
</record>
<record>
  <date>2020-05-29T11:54:14</date>
  <millis>1590728054121</millis>
  <sequence>2</sequence>
  <level>RUN_DATA</level>
  <class>com.kms.katalon.core.logging.XmlKeywordLogger</class>
  <method>logMessage</method>
  <thread>1</thread>
  <message>os = Windows 10 64bit</message>
  <nestedLevel>0</nestedLevel>
  <property name="os">Windows 10 64bit</property>
</record>
<record>
  <date>2020-05-29T11:54:14</date>
  <millis>1590728054123</millis>
  <sequence>3</sequence>
  <level>RUN_DATA</level>
  <class>com.kms.katalon.core.logging.XmlKeywordLogger</class>
  <method>logMessage</method>
  <thread>1</thread>
  <message>hostAddress = 192.168.100.227</message>
  <nestedLevel>0</nestedLevel>
  <property name="hostAddress">192.168.100.227</property>
</record>
<record>
  <date>2020-05-29T11:54:14</date>
  <millis>1590728054129</millis>
  <sequence>4</sequence>
  <level>RUN_DATA</level>
  <class>com.kms.katalon.core.logging.XmlKeywordLogger</class>
  <method>logMessage</method>
  <thread>1</thread>
  <message>katalonVersion = 7.0.10.1</message>
  <nestedLevel>0</nestedLevel>
  <property name="katalonVersion">7.0.10.1</property>
</record>
<record>
  <date>2020-05-29T11:54:14</date>
  <millis>1590728054871</millis>
  <sequence>5</sequence>
  <level>START</level>
  <class>com.kms.katalon.core.logging.XmlKeywordLogger</class>
  <method>startTest</method>
  <thread>1</thread>
  <message>Start Test Case : Test Cases/Christi/tambah reward</message>
  <nestedLevel>1</nestedLevel>
  <property name="name">Test Cases/Christi/tambah reward</property>
  <property name="description"></property>
  <property name="id">Test Cases/Christi/tambah reward</property>
  <property name="source">C:\\Users\\ASUS\\git\\HunterCMS\\Test Cases\\Christi\\tambah reward.tc</property>
  <property name="tag"></property>
  <property name="isOptional">false</property>
</record>
<record>
  <date>2020-05-29T11:54:14</date>
  <millis>1590728054942</millis>
  <sequence>7</sequence>
  <level>INFO</level>
  <class>com.kms.katalon.core.logging.XmlKeywordLogger</class>
  <method>logMessage</method>
  <thread>1</thread>
  <message>nama_reward = Jam dinding</message>
  <nestedLevel>1</nestedLevel>
</record>
<record>
  <date>2020-05-29T11:54:14</date>
  <millis>1590728054949</millis>
  <sequence>8</sequence>
  <level>INFO</level>
  <class>com.kms.katalon.core.logging.XmlKeywordLogger</class>
  <method>logMessage</method>
  <thread>1</thread>
  <message>img_upload = yes</message>
  <nestedLevel>1</nestedLevel>
</record>
<record>
  <date>2020-05-29T11:54:14</date>
  <millis>1590728054950</millis>
  <sequence>9</sequence>
  <level>INFO</level>
  <class>com.kms.katalon.core.logging.XmlKeywordLogger</class>
  <method>logMessage</method>
  <thread>1</thread>
  <message>img_reward = C:\\Users\\ASUS\\git\\HunterCMS\\image\\jam-dinding-kartun-png-1.png</message>
  <nestedLevel>1</nestedLevel>
</record>
<record>
  <date>2020-05-29T11:54:14</date>
  <millis>1590728054951</millis>
  <sequence>10</sequence>
  <level>INFO</level>
  <class>com.kms.katalon.core.logging.XmlKeywordLogger</class>
  <method>logMessage</method>
  <thread>1</thread>
  <message>desc_reward = -</message>
  <nestedLevel>1</nestedLevel>
</record>
<record>
  <date>2020-05-29T11:54:14</date>
  <millis>1590728054952</millis>
  <sequence>11</sequence>
  <level>INFO</level>
  <class>com.kms.katalon.core.logging.XmlKeywordLogger</class>
  <method>logMessage</method>
  <thread>1</thread>
  <message>expected = pass</message>
  <nestedLevel>1</nestedLevel>
</record>
<record>
  <date>2020-05-29T11:54:15</date>
  <millis>1590728055002</millis>
  <sequence>12</sequence>
  <level>INFO</level>
  <class>com.kms.katalon.core.logging.XmlKeywordLogger</class>
  <method>logMessage</method>
  <thread>1</thread>
  <message>(Default) alert = </message>
  <nestedLevel>1</nestedLevel>
</record>
<record>
  <date>2020-05-29T11:54:16</date>
  <millis>1590728056014</millis>
  <sequence>13</sequence>
  <level>START</level>
  <class>com.kms.katalon.core.logging.XmlKeywordLogger</class>
  <method>startKeyword</method>
  <thread>1</thread>
  <message>Start action : callTestCase(findTestCase(\&amp;quot;Christi/Login\&amp;quot;), [\&amp;quot;username\&amp;quot;:\&amp;quot;admin@mail.com\&amp;quot;, \&amp;quot;password\&amp;quot;:\&amp;quot;Password1#\&amp;quot;], STOP_ON_FAILURE)</message>
  <nestedLevel>1</nestedLevel>
  <property name="startLine">19</property>
  <property name="stepIndex">1</property>
</record>
<record>
  <date>2020-05-29T11:54:16</date>
  <millis>1590728056285</millis>
  <sequence>16</sequence>
  <level>START</level>
  <class>com.kms.katalon.core.logging.XmlKeywordLogger</class>
  <method>startTest</method>
  <thread>1</thread>
  <message>Start Test Case : Test Cases/Christi/Login</message>
  <nestedLevel>2</nestedLevel>
  <property name="name">Test Cases/Christi/Login</property>
  <property name="description"></property>
  <property name="id">Test Cases/Christi/Login</property>
  <property name="source">C:\\Users\\ASUS\\git\\HunterCMS\\Test Cases\\Christi\\Login.tc</property>
  <property name="tag"></property>
  <property name="isOptional">false</property>
</record>
<record>
  <date>2020-05-29T11:54:16</date>
  <millis>1590728056389</millis>
  <sequence>18</sequence>
  <level>INFO</level>
  <class>com.kms.katalon.core.logging.XmlKeywordLogger</class>
  <method>logMessage</method>
  <thread>1</thread>
  <message>username = admin@mail.com</message>
  <nestedLevel>2</nestedLevel>
</record>
<record>
  <date>2020-05-29T11:54:16</date>
  <millis>1590728056391</millis>
  <sequence>19</sequence>
  <level>INFO</level>
  <class>com.kms.katalon.core.logging.XmlKeywordLogger</class>
  <method>logMessage</method>
  <thread>1</thread>
  <message>password = Password1#</message>
  <nestedLevel>2</nestedLevel>
</record>
<record>
  <date>2020-05-29T11:54:17</date>
  <millis>1590728057160</millis>
  <sequence>20</sequence>
  <level>START</level>
  <class>com.kms.katalon.core.logging.XmlKeywordLogger</class>
  <method>startKeyword</method>
  <thread>1</thread>
  <message>Start action : openBrowser(\&amp;quot;\&amp;quot;)</message>
  <nestedLevel>1</nestedLevel>
  <property name="startLine">18</property>
  <property name="stepIndex">1</property>
</record>
<record>
  <date>2020-05-29T11:54:17</date>
  <millis>1590728057621</millis>
  <sequence>22</sequence>
  <level>INFO</level>
  <class>com.kms.katalon.core.logging.XmlKeywordLogger</class>
  <method>logMessage</method>
  <thread>1</thread>
  <message>Starting &amp;apos;Chrome&amp;apos; driver</message>
  <nestedLevel>2</nestedLevel>
</record>
<record>
  <date>2020-05-29T11:54:17</date>
  <millis>1590728057735</millis>
  <sequence>24</sequence>
  <level>INFO</level>
  <class>com.kms.katalon.core.logging.XmlKeywordLogger</class>
  <method>logMessage</method>
  <thread>1</thread>
  <message>Action delay is set to 0 seconds</message>
  <nestedLevel>2</nestedLevel>
</record>
<record>
  <date>2020-05-29T11:54:24</date>
  <millis>1590728064226</millis>
  <sequence>26</sequence>
  <level>RUN_DATA</level>
  <class>com.kms.katalon.core.logging.XmlKeywordLogger</class>
  <method>logMessage</method>
  <thread>1</thread>
  <message>sessionId = 5e833ba558cf4151dd51723d570e563c</message>
  <nestedLevel>2</nestedLevel>
  <property name="sessionId">5e833ba558cf4151dd51723d570e563c</property>
</record>
<record>
  <date>2020-05-29T11:54:24</date>
  <millis>1590728064272</millis>
  <sequence>27</sequence>
  <level>RUN_DATA</level>
  <class>com.kms.katalon.core.logging.XmlKeywordLogger</class>
  <method>logMessage</method>
  <thread>1</thread>
  <message>browser = Chrome 83.0.4103.61</message>
  <nestedLevel>2</nestedLevel>
  <property name="browser">Chrome 83.0.4103.61</property>
</record>
<record>
  <date>2020-05-29T11:54:24</date>
  <millis>1590728064273</millis>
  <sequence>28</sequence>
  <level>RUN_DATA</level>
  <class>com.kms.katalon.core.logging.XmlKeywordLogger</class>
  <method>logMessage</method>
  <thread>1</thread>
  <message>platform = Windows 10</message>
  <nestedLevel>2</nestedLevel>
  <property name="platform">Windows 10</property>
</record>
<record>
  <date>2020-05-29T11:54:24</date>
  <millis>1590728064274</millis>
  <sequence>29</sequence>
  <level>RUN_DATA</level>
  <class>com.kms.katalon.core.logging.XmlKeywordLogger</class>
  <method>logMessage</method>
  <thread>1</thread>
  <message>seleniumVersion = 3.141.59</message>
  <nestedLevel>2</nestedLevel>
  <property name="seleniumVersion">3.141.59</property>
</record>
<record>
  <date>2020-05-29T11:54:24</date>
  <millis>1590728064276</millis>
  <sequence>30</sequence>
  <level>RUN_DATA</level>
  <class>com.kms.katalon.core.logging.XmlKeywordLogger</class>
  <method>logMessage</method>
  <thread>1</thread>
  <message>proxyInformation = ProxyInformation{proxyOption=NO_PROXY, proxyServerType=HTTP, password=, proxyServerAddress=, proxyServerPort=0}</message>
  <nestedLevel>2</nestedLevel>
  <property name="proxyInformation">ProxyInformation{proxyOption=NO_PROXY, proxyServerType=HTTP, password=, proxyServerAddress=, proxyServerPort=0}</property>
</record>
<record>
  <date>2020-05-29T11:54:24</date>
  <millis>1590728064298</millis>
  <sequence>31</sequence>
  <level>PASSED</level>
  <class>com.kms.katalon.core.logging.XmlKeywordLogger</class>
  <method>logMessage</method>
  <thread>1</thread>
  <message>Browser is opened with url: &amp;apos;&amp;apos;</message>
  <nestedLevel>2</nestedLevel>
</record>
<record>
  <date>2020-05-29T11:54:24</date>
  <millis>1590728064300</millis>
  <sequence>32</sequence>
  <level>END</level>
  <class>com.kms.katalon.core.logging.XmlKeywordLogger</class>
  <method>endKeyword</method>
  <thread>1</thread>
  <message>End action : openBrowser(\&amp;quot;\&amp;quot;)</message>
  <nestedLevel>1</nestedLevel>
</record>
<record>
  <date>2020-05-29T11:54:24</date>
  <millis>1590728064300</millis>
  <sequence>33</sequence>
  <level>START</level>
  <class>com.kms.katalon.core.logging.XmlKeywordLogger</class>
  <method>startKeyword</method>
  <thread>1</thread>
  <message>Start action : navigateToUrl(\&amp;quot;https://appsrv1.deltadatamandiri.com/ACC_Hunter_Web/#/S19n1n\&amp;quot;)</message>
  <nestedLevel>1</nestedLevel>
  <property name="startLine">20</property>
  <property name="stepIndex">2</property>
</record>
<record>
  <date>2020-05-29T11:54:33</date>
  <millis>1590728073748</millis>
  <sequence>36</sequence>
  <level>PASSED</level>
  <class>com.kms.katalon.core.logging.XmlKeywordLogger</class>
  <method>logMessage</method>
  <thread>1</thread>
  <message>Navigate to &amp;apos;https://appsrv1.deltadatamandiri.com/ACC_Hunter_Web/#/S19n1n&amp;apos; successfully</message>
  <nestedLevel>2</nestedLevel>
</record>
<record>
  <date>2020-05-29T11:54:33</date>
  <millis>1590728073749</millis>
  <sequence>37</sequence>
  <level>END</level>
  <class>com.kms.katalon.core.logging.XmlKeywordLogger</class>
  <method>endKeyword</method>
  <thread>1</thread>
  <message>End action : navigateToUrl(\&amp;quot;https://appsrv1.deltadatamandiri.com/ACC_Hunter_Web/#/S19n1n\&amp;quot;)</message>
  <nestedLevel>1</nestedLevel>
</record>
<record>
  <date>2020-05-29T11:54:33</date>
  <millis>1590728073750</millis>
  <sequence>38</sequence>
  <level>START</level>
  <class>com.kms.katalon.core.logging.XmlKeywordLogger</class>
  <method>startKeyword</method>
  <thread>1</thread>
  <message>Start action : setText(findTestObject(\&amp;quot;Christi/Page_Sign In/input_username\&amp;quot;), username)</message>
  <nestedLevel>1</nestedLevel>
  <property name="startLine">22</property>
  <property name="stepIndex">3</property>
</record>
<record>
  <date>2020-05-29T11:54:38</date>
  <millis>1590728078087</millis>
  <sequence>48</sequence>
  <level>PASSED</level>
  <class>com.kms.katalon.core.logging.XmlKeywordLogger</class>
  <method>logMessage</method>
  <thread>1</thread>
  <message>Text &amp;apos;admin@mail.com&amp;apos; is set on object &amp;apos;Object Repository/Christi/Page_Sign In/input_username&amp;apos;</message>
  <nestedLevel>2</nestedLevel>
</record>
<record>
  <date>2020-05-29T11:54:38</date>
  <millis>1590728078088</millis>
  <sequence>49</sequence>
  <level>END</level>
  <class>com.kms.katalon.core.logging.XmlKeywordLogger</class>
  <method>endKeyword</method>
  <thread>1</thread>
  <message>End action : setText(findTestObject(\&amp;quot;Christi/Page_Sign In/input_username\&amp;quot;), username)</message>
  <nestedLevel>1</nestedLevel>
</record>
<record>
  <date>2020-05-29T11:54:38</date>
  <millis>1590728078088</millis>
  <sequence>50</sequence>
  <level>START</level>
  <class>com.kms.katalon.core.logging.XmlKeywordLogger</class>
  <method>startKeyword</method>
  <thread>1</thread>
  <message>Start action : setText(findTestObject(\&amp;quot;Christi/Page_Sign In/input_password\&amp;quot;), password)</message>
  <nestedLevel>1</nestedLevel>
  <property name="startLine">24</property>
  <property name="stepIndex">4</property>
</record>
<record>
  <date>2020-05-29T11:54:38</date>
  <millis>1590728078655</millis>
  <sequence>60</sequence>
  <level>PASSED</level>
  <class>com.kms.katalon.core.logging.XmlKeywordLogger</class>
  <method>logMessage</method>
  <thread>1</thread>
  <message>Text &amp;apos;Password1#&amp;apos; is set on object &amp;apos;Object Repository/Christi/Page_Sign In/input_password&amp;apos;</message>
  <nestedLevel>2</nestedLevel>
</record>
<record>
  <date>2020-05-29T11:54:38</date>
  <millis>1590728078656</millis>
  <sequence>61</sequence>
  <level>END</level>
  <class>com.kms.katalon.core.logging.XmlKeywordLogger</class>
  <method>endKeyword</method>
  <thread>1</thread>
  <message>End action : setText(findTestObject(\&amp;quot;Christi/Page_Sign In/input_password\&amp;quot;), password)</message>
  <nestedLevel>1</nestedLevel>
</record>
<record>
  <date>2020-05-29T11:54:38</date>
  <millis>1590728078657</millis>
  <sequence>62</sequence>
  <level>START</level>
  <class>com.kms.katalon.core.logging.XmlKeywordLogger</class>
  <method>startKeyword</method>
  <thread>1</thread>
  <message>Start action : click(findTestObject(\&amp;quot;Christi/Page_Sign In/span_Sign In\&amp;quot;))</message>
  <nestedLevel>1</nestedLevel>
  <property name="startLine">26</property>
  <property name="stepIndex">5</property>
</record>
<record>
  <date>2020-05-29T11:54:39</date>
  <millis>1590728079140</millis>
  <sequence>71</sequence>
  <level>PASSED</level>
  <class>com.kms.katalon.core.logging.XmlKeywordLogger</class>
  <method>logMessage</method>
  <thread>1</thread>
  <message>Object: &amp;apos;Object Repository/Christi/Page_Sign In/span_Sign In&amp;apos; is clicked on</message>
  <nestedLevel>2</nestedLevel>
</record>
<record>
  <date>2020-05-29T11:54:39</date>
  <millis>1590728079140</millis>
  <sequence>72</sequence>
  <level>END</level>
  <class>com.kms.katalon.core.logging.XmlKeywordLogger</class>
  <method>endKeyword</method>
  <thread>1</thread>
  <message>End action : click(findTestObject(\&amp;quot;Christi/Page_Sign In/span_Sign In\&amp;quot;))</message>
  <nestedLevel>1</nestedLevel>
</record>
<record>
  <date>2020-05-29T11:54:39</date>
  <millis>1590728079141</millis>
  <sequence>73</sequence>
  <level>PASSED</level>
  <class>com.kms.katalon.core.logging.XmlKeywordLogger</class>
  <method>logMessage</method>
  <thread>1</thread>
  <message>Test Cases/Christi/Login</message>
  <nestedLevel>2</nestedLevel>
</record>
<record>
  <date>2020-05-29T11:54:39</date>
  <millis>1590728079141</millis>
  <sequence>74</sequence>
  <level>END</level>
  <class>com.kms.katalon.core.logging.XmlKeywordLogger</class>
  <method>endTest</method>
  <thread>1</thread>
  <message>End Test Case : Test Cases/Christi/Login</message>
  <nestedLevel>1</nestedLevel>
</record>
<record>
  <date>2020-05-29T11:54:39</date>
  <millis>1590728079159</millis>
  <sequence>75</sequence>
  <level>PASSED</level>
  <class>com.kms.katalon.core.logging.XmlKeywordLogger</class>
  <method>logMessage</method>
  <thread>1</thread>
  <message>Call Test Case &amp;apos;Test Cases/Christi/Login&amp;apos; successfully</message>
  <nestedLevel>1</nestedLevel>
</record>
<record>
  <date>2020-05-29T11:54:39</date>
  <millis>1590728079160</millis>
  <sequence>76</sequence>
  <level>END</level>
  <class>com.kms.katalon.core.logging.XmlKeywordLogger</class>
  <method>endKeyword</method>
  <thread>1</thread>
  <message>End action : callTestCase(findTestCase(\&amp;quot;Christi/Login\&amp;quot;), [\&amp;quot;username\&amp;quot;:\&amp;quot;admin@mail.com\&amp;quot;, \&amp;quot;password\&amp;quot;:\&amp;quot;Password1#\&amp;quot;], STOP_ON_FAILURE)</message>
  <nestedLevel>1</nestedLevel>
</record>
<record>
  <date>2020-05-29T11:54:39</date>
  <millis>1590728079161</millis>
  <sequence>77</sequence>
  <level>START</level>
  <class>com.kms.katalon.core.logging.XmlKeywordLogger</class>
  <method>startKeyword</method>
  <thread>1</thread>
  <message>Start action : delay(3)</message>
  <nestedLevel>1</nestedLevel>
  <property name="startLine">21</property>
  <property name="stepIndex">2</property>
</record>
<record>
  <date>2020-05-29T11:54:42</date>
  <millis>1590728082179</millis>
  <sequence>79</sequence>
  <level>PASSED</level>
  <class>com.kms.katalon.core.logging.XmlKeywordLogger</class>
  <method>logMessage</method>
  <thread>1</thread>
  <message>Delayed 3 second(s)</message>
  <nestedLevel>1</nestedLevel>
</record>
<record>
  <date>2020-05-29T11:54:42</date>
  <millis>1590728082184</millis>
  <sequence>80</sequence>
  <level>END</level>
  <class>com.kms.katalon.core.logging.XmlKeywordLogger</class>
  <method>endKeyword</method>
  <thread>1</thread>
  <message>End action : delay(3)</message>
  <nestedLevel>1</nestedLevel>
</record>
<record>
  <date>2020-05-29T11:54:42</date>
  <millis>1590728082184</millis>
  <sequence>81</sequence>
  <level>START</level>
  <class>com.kms.katalon.core.logging.XmlKeywordLogger</class>
  <method>startKeyword</method>
  <thread>1</thread>
  <message>Start action : click(findTestObject(\&amp;quot;Object Repository/Christi/Page_Main/img_Manage Gamification_picture8\&amp;quot;))</message>
  <nestedLevel>1</nestedLevel>
  <property name="startLine">23</property>
  <property name="stepIndex">3</property>
</record>
<record>
  <date>2020-05-29T11:54:45</date>
  <millis>1590728085079</millis>
  <sequence>90</sequence>
  <level>PASSED</level>
  <class>com.kms.katalon.core.logging.XmlKeywordLogger</class>
  <method>logMessage</method>
  <thread>1</thread>
  <message>Object: &amp;apos;Object Repository/Christi/Page_Main/img_Manage Gamification_picture8&amp;apos; is clicked on</message>
  <nestedLevel>1</nestedLevel>
</record>
<record>
  <date>2020-05-29T11:54:45</date>
  <millis>1590728085082</millis>
  <sequence>91</sequence>
  <level>END</level>
  <class>com.kms.katalon.core.logging.XmlKeywordLogger</class>
  <method>endKeyword</method>
  <thread>1</thread>
  <message>End action : click(findTestObject(\&amp;quot;Object Repository/Christi/Page_Main/img_Manage Gamification_picture8\&amp;quot;))</message>
  <nestedLevel>1</nestedLevel>
</record>
<record>
  <date>2020-05-29T11:54:45</date>
  <millis>1590728085082</millis>
  <sequence>92</sequence>
  <level>START</level>
  <class>com.kms.katalon.core.logging.XmlKeywordLogger</class>
  <method>startKeyword</method>
  <thread>1</thread>
  <message>Start action : delay(3)</message>
  <nestedLevel>1</nestedLevel>
  <property name="startLine">25</property>
  <property name="stepIndex">4</property>
</record>
<record>
  <date>2020-05-29T11:54:48</date>
  <millis>1590728088087</millis>
  <sequence>94</sequence>
  <level>PASSED</level>
  <class>com.kms.katalon.core.logging.XmlKeywordLogger</class>
  <method>logMessage</method>
  <thread>1</thread>
  <message>Delayed 3 second(s)</message>
  <nestedLevel>1</nestedLevel>
</record>
<record>
  <date>2020-05-29T11:54:48</date>
  <millis>1590728088087</millis>
  <sequence>95</sequence>
  <level>END</level>
  <class>com.kms.katalon.core.logging.XmlKeywordLogger</class>
  <method>endKeyword</method>
  <thread>1</thread>
  <message>End action : delay(3)</message>
  <nestedLevel>1</nestedLevel>
</record>
<record>
  <date>2020-05-29T11:54:48</date>
  <millis>1590728088087</millis>
  <sequence>96</sequence>
  <level>START</level>
  <class>com.kms.katalon.core.logging.XmlKeywordLogger</class>
  <method>startKeyword</method>
  <thread>1</thread>
  <message>Start action : click(findTestObject(\&amp;quot;Object Repository/Christi/Page_Dashboard/button_Tambah Reward IconTambah Reward\&amp;quot;))</message>
  <nestedLevel>1</nestedLevel>
  <property name="startLine">27</property>
  <property name="stepIndex">5</property>
</record>
<record>
  <date>2020-05-29T11:54:53</date>
  <millis>1590728093736</millis>
  <sequence>105</sequence>
  <level>PASSED</level>
  <class>com.kms.katalon.core.logging.XmlKeywordLogger</class>
  <method>logMessage</method>
  <thread>1</thread>
  <message>Object: &amp;apos;Object Repository/Christi/Page_Dashboard/button_Tambah Reward IconTambah Reward&amp;apos; is clicked on</message>
  <nestedLevel>1</nestedLevel>
</record>
<record>
  <date>2020-05-29T11:54:53</date>
  <millis>1590728093737</millis>
  <sequence>106</sequence>
  <level>END</level>
  <class>com.kms.katalon.core.logging.XmlKeywordLogger</class>
  <method>endKeyword</method>
  <thread>1</thread>
  <message>End action : click(findTestObject(\&amp;quot;Object Repository/Christi/Page_Dashboard/button_Tambah Reward IconTambah Reward\&amp;quot;))</message>
  <nestedLevel>1</nestedLevel>
</record>
<record>
  <date>2020-05-29T11:54:53</date>
  <millis>1590728093737</millis>
  <sequence>107</sequence>
  <level>START</level>
  <class>com.kms.katalon.core.logging.XmlKeywordLogger</class>
  <method>startKeyword</method>
  <thread>1</thread>
  <message>Start action : delay(3)</message>
  <nestedLevel>1</nestedLevel>
  <property name="startLine">29</property>
  <property name="stepIndex">6</property>
</record>
<record>
  <date>2020-05-29T11:54:56</date>
  <millis>1590728096742</millis>
  <sequence>109</sequence>
  <level>PASSED</level>
  <class>com.kms.katalon.core.logging.XmlKeywordLogger</class>
  <method>logMessage</method>
  <thread>1</thread>
  <message>Delayed 3 second(s)</message>
  <nestedLevel>1</nestedLevel>
</record>
<record>
  <date>2020-05-29T11:54:56</date>
  <millis>1590728096744</millis>
  <sequence>110</sequence>
  <level>END</level>
  <class>com.kms.katalon.core.logging.XmlKeywordLogger</class>
  <method>endKeyword</method>
  <thread>1</thread>
  <message>End action : delay(3)</message>
  <nestedLevel>1</nestedLevel>
</record>
<record>
  <date>2020-05-29T11:54:56</date>
  <millis>1590728096745</millis>
  <sequence>111</sequence>
  <level>START</level>
  <class>com.kms.katalon.core.logging.XmlKeywordLogger</class>
  <method>startKeyword</method>
  <thread>1</thread>
  <message>Start action : setText(findTestObject(\&amp;quot;Object Repository/Christi/Page_Dashboard/input_Reward_text1\&amp;quot;), nama_reward)</message>
  <nestedLevel>1</nestedLevel>
  <property name="startLine">31</property>
  <property name="stepIndex">7</property>
</record>
<record>
  <date>2020-05-29T11:54:57</date>
  <millis>1590728097590</millis>
  <sequence>121</sequence>
  <level>PASSED</level>
  <class>com.kms.katalon.core.logging.XmlKeywordLogger</class>
  <method>logMessage</method>
  <thread>1</thread>
  <message>Text &amp;apos;Jam dinding&amp;apos; is set on object &amp;apos;Object Repository/Christi/Page_Dashboard/input_Reward_text1&amp;apos;</message>
  <nestedLevel>1</nestedLevel>
</record>
<record>
  <date>2020-05-29T11:54:57</date>
  <millis>1590728097590</millis>
  <sequence>122</sequence>
  <level>END</level>
  <class>com.kms.katalon.core.logging.XmlKeywordLogger</class>
  <method>endKeyword</method>
  <thread>1</thread>
  <message>End action : setText(findTestObject(\&amp;quot;Object Repository/Christi/Page_Dashboard/input_Reward_text1\&amp;quot;), nama_reward)</message>
  <nestedLevel>1</nestedLevel>
</record>
<record>
  <date>2020-05-29T11:54:57</date>
  <millis>1590728097591</millis>
  <sequence>123</sequence>
  <level>START</level>
  <class>com.kms.katalon.core.logging.XmlKeywordLogger</class>
  <method>startKeyword</method>
  <thread>1</thread>
  <message>Start action : delay(3)</message>
  <nestedLevel>1</nestedLevel>
  <property name="startLine">33</property>
  <property name="stepIndex">8</property>
</record>
<record>
  <date>2020-05-29T11:55:00</date>
  <millis>1590728100595</millis>
  <sequence>125</sequence>
  <level>PASSED</level>
  <class>com.kms.katalon.core.logging.XmlKeywordLogger</class>
  <method>logMessage</method>
  <thread>1</thread>
  <message>Delayed 3 second(s)</message>
  <nestedLevel>1</nestedLevel>
</record>
<record>
  <date>2020-05-29T11:55:00</date>
  <millis>1590728100597</millis>
  <sequence>126</sequence>
  <level>END</level>
  <class>com.kms.katalon.core.logging.XmlKeywordLogger</class>
  <method>endKeyword</method>
  <thread>1</thread>
  <message>End action : delay(3)</message>
  <nestedLevel>1</nestedLevel>
</record>
<record>
  <date>2020-05-29T11:55:00</date>
  <millis>1590728100597</millis>
  <sequence>127</sequence>
  <level>START</level>
  <class>com.kms.katalon.core.logging.XmlKeywordLogger</class>
  <method>startKeyword</method>
  <thread>1</thread>
  <message>Start action : if (img_upload == \&amp;quot;yes\&amp;quot;)</message>
  <nestedLevel>1</nestedLevel>
  <property name="startLine">35</property>
  <property name="stepIndex">9</property>
</record>
<record>
  <date>2020-05-29T11:55:00</date>
  <millis>1590728100598</millis>
  <sequence>128</sequence>
  <level>START</level>
  <class>com.kms.katalon.core.logging.XmlKeywordLogger</class>
  <method>startKeyword</method>
  <thread>1</thread>
  <message>Start action : uploadFile(findTestObject(\&amp;quot;Christi/Page_Dashboard/input_Reward_files\&amp;quot;), img_reward)</message>
  <nestedLevel>2</nestedLevel>
  <property name="startLine">36</property>
  <property name="stepIndex">1</property>
</record>
<record>
  <date>2020-05-29T11:55:01</date>
  <millis>1590728101108</millis>
  <sequence>136</sequence>
  <level>PASSED</level>
  <class>com.kms.katalon.core.logging.XmlKeywordLogger</class>
  <method>logMessage</method>
  <thread>1</thread>
  <message>File &amp;apos;C:\\Users\\ASUS\\git\\HunterCMS\\image\\jam-dinding-kartun-png-1.png&amp;apos; sent to object: &amp;apos;Object Repository/Christi/Page_Dashboard/input_Reward_files&amp;apos;</message>
  <nestedLevel>1</nestedLevel>
</record>
<record>
  <date>2020-05-29T11:55:01</date>
  <millis>1590728101111</millis>
  <sequence>137</sequence>
  <level>END</level>
  <class>com.kms.katalon.core.logging.XmlKeywordLogger</class>
  <method>endKeyword</method>
  <thread>1</thread>
  <message>End action : uploadFile(findTestObject(\&amp;quot;Christi/Page_Dashboard/input_Reward_files\&amp;quot;), img_reward)</message>
  <nestedLevel>2</nestedLevel>
</record>
<record>
  <date>2020-05-29T11:55:01</date>
  <millis>1590728101111</millis>
  <sequence>138</sequence>
  <level>START</level>
  <class>com.kms.katalon.core.logging.XmlKeywordLogger</class>
  <method>startKeyword</method>
  <thread>1</thread>
  <message>Start action : if (alert == \&amp;quot;file to big\&amp;quot;)</message>
  <nestedLevel>2</nestedLevel>
  <property name="startLine">38</property>
  <property name="stepIndex">2</property>
</record>
<record>
  <date>2020-05-29T11:55:01</date>
  <millis>1590728101114</millis>
  <sequence>139</sequence>
  <level>END</level>
  <class>com.kms.katalon.core.logging.XmlKeywordLogger</class>
  <method>endKeyword</method>
  <thread>1</thread>
  <message>End action : if (alert == \&amp;quot;file to big\&amp;quot;)</message>
  <nestedLevel>2</nestedLevel>
</record>
<record>
  <date>2020-05-29T11:55:01</date>
  <millis>1590728101114</millis>
  <sequence>140</sequence>
  <level>END</level>
  <class>com.kms.katalon.core.logging.XmlKeywordLogger</class>
  <method>endKeyword</method>
  <thread>1</thread>
  <message>End action : if (img_upload == \&amp;quot;yes\&amp;quot;)</message>
  <nestedLevel>1</nestedLevel>
</record>
<record>
  <date>2020-05-29T11:55:01</date>
  <millis>1590728101115</millis>
  <sequence>141</sequence>
  <level>START</level>
  <class>com.kms.katalon.core.logging.XmlKeywordLogger</class>
  <method>startKeyword</method>
  <thread>1</thread>
  <message>Start action : delay(3)</message>
  <nestedLevel>1</nestedLevel>
  <property name="startLine">46</property>
  <property name="stepIndex">10</property>
</record>
<record>
  <date>2020-05-29T11:55:04</date>
  <millis>1590728104120</millis>
  <sequence>143</sequence>
  <level>PASSED</level>
  <class>com.kms.katalon.core.logging.XmlKeywordLogger</class>
  <method>logMessage</method>
  <thread>1</thread>
  <message>Delayed 3 second(s)</message>
  <nestedLevel>1</nestedLevel>
</record>
<record>
  <date>2020-05-29T11:55:04</date>
  <millis>1590728104122</millis>
  <sequence>144</sequence>
  <level>END</level>
  <class>com.kms.katalon.core.logging.XmlKeywordLogger</class>
  <method>endKeyword</method>
  <thread>1</thread>
  <message>End action : delay(3)</message>
  <nestedLevel>1</nestedLevel>
</record>
<record>
  <date>2020-05-29T11:55:04</date>
  <millis>1590728104123</millis>
  <sequence>145</sequence>
  <level>START</level>
  <class>com.kms.katalon.core.logging.XmlKeywordLogger</class>
  <method>startKeyword</method>
  <thread>1</thread>
  <message>Start action : setText(findTestObject(\&amp;quot;Object Repository/Christi/Page_Dashboard/textarea_Deskripsi_textarea1\&amp;quot;), desc_reward)</message>
  <nestedLevel>1</nestedLevel>
  <property name="startLine">48</property>
  <property name="stepIndex">11</property>
</record>
<record>
  <date>2020-05-29T11:55:04</date>
  <millis>1590728104606</millis>
  <sequence>155</sequence>
  <level>PASSED</level>
  <class>com.kms.katalon.core.logging.XmlKeywordLogger</class>
  <method>logMessage</method>
  <thread>1</thread>
  <message>Text &amp;apos;-&amp;apos; is set on object &amp;apos;Object Repository/Christi/Page_Dashboard/textarea_Deskripsi_textarea1&amp;apos;</message>
  <nestedLevel>1</nestedLevel>
</record>
<record>
  <date>2020-05-29T11:55:04</date>
  <millis>1590728104607</millis>
  <sequence>156</sequence>
  <level>END</level>
  <class>com.kms.katalon.core.logging.XmlKeywordLogger</class>
  <method>endKeyword</method>
  <thread>1</thread>
  <message>End action : setText(findTestObject(\&amp;quot;Object Repository/Christi/Page_Dashboard/textarea_Deskripsi_textarea1\&amp;quot;), desc_reward)</message>
  <nestedLevel>1</nestedLevel>
</record>
<record>
  <date>2020-05-29T11:55:04</date>
  <millis>1590728104607</millis>
  <sequence>157</sequence>
  <level>START</level>
  <class>com.kms.katalon.core.logging.XmlKeywordLogger</class>
  <method>startKeyword</method>
  <thread>1</thread>
  <message>Start action : delay(3)</message>
  <nestedLevel>1</nestedLevel>
  <property name="startLine">50</property>
  <property name="stepIndex">12</property>
</record>
<record>
  <date>2020-05-29T11:55:07</date>
  <millis>1590728107610</millis>
  <sequence>159</sequence>
  <level>PASSED</level>
  <class>com.kms.katalon.core.logging.XmlKeywordLogger</class>
  <method>logMessage</method>
  <thread>1</thread>
  <message>Delayed 3 second(s)</message>
  <nestedLevel>1</nestedLevel>
</record>
<record>
  <date>2020-05-29T11:55:07</date>
  <millis>1590728107612</millis>
  <sequence>160</sequence>
  <level>END</level>
  <class>com.kms.katalon.core.logging.XmlKeywordLogger</class>
  <method>endKeyword</method>
  <thread>1</thread>
  <message>End action : delay(3)</message>
  <nestedLevel>1</nestedLevel>
</record>
<record>
  <date>2020-05-29T11:55:07</date>
  <millis>1590728107613</millis>
  <sequence>161</sequence>
  <level>START</level>
  <class>com.kms.katalon.core.logging.XmlKeywordLogger</class>
  <method>startKeyword</method>
  <thread>1</thread>
  <message>Start action : click(findTestObject(\&amp;quot;Object Repository/Christi/Page_Dashboard/button_Simpan\&amp;quot;))</message>
  <nestedLevel>1</nestedLevel>
  <property name="startLine">52</property>
  <property name="stepIndex">13</property>
</record>
<record>
  <date>2020-05-29T11:55:08</date>
  <millis>1590728108114</millis>
  <sequence>170</sequence>
  <level>PASSED</level>
  <class>com.kms.katalon.core.logging.XmlKeywordLogger</class>
  <method>logMessage</method>
  <thread>1</thread>
  <message>Object: &amp;apos;Object Repository/Christi/Page_Dashboard/button_Simpan&amp;apos; is clicked on</message>
  <nestedLevel>1</nestedLevel>
</record>
<record>
  <date>2020-05-29T11:55:08</date>
  <millis>1590728108114</millis>
  <sequence>171</sequence>
  <level>END</level>
  <class>com.kms.katalon.core.logging.XmlKeywordLogger</class>
  <method>endKeyword</method>
  <thread>1</thread>
  <message>End action : click(findTestObject(\&amp;quot;Object Repository/Christi/Page_Dashboard/button_Simpan\&amp;quot;))</message>
  <nestedLevel>1</nestedLevel>
</record>
<record>
  <date>2020-05-29T11:55:08</date>
  <millis>1590728108115</millis>
  <sequence>172</sequence>
  <level>START</level>
  <class>com.kms.katalon.core.logging.XmlKeywordLogger</class>
  <method>startKeyword</method>
  <thread>1</thread>
  <message>Start action : if (expected == \&amp;quot;pass\&amp;quot;)</message>
  <nestedLevel>1</nestedLevel>
  <property name="startLine">54</property>
  <property name="stepIndex">14</property>
</record>
<record>
  <date>2020-05-29T11:55:08</date>
  <millis>1590728108115</millis>
  <sequence>173</sequence>
  <level>START</level>
  <class>com.kms.katalon.core.logging.XmlKeywordLogger</class>
  <method>startKeyword</method>
  <thread>1</thread>
  <message>Start action : verifyElementPresent(findTestObject(\&amp;quot;Christi/Page_Dashboard/nama reward\&amp;quot;, [\&amp;quot;text\&amp;quot;:nama_reward]), 0)</message>
  <nestedLevel>2</nestedLevel>
  <property name="startLine">55</property>
  <property name="stepIndex">1</property>
</record>
<record>
  <date>2020-05-29T11:55:08</date>
  <millis>1590728108346</millis>
  <sequence>178</sequence>
  <level>WARNING</level>
  <class>com.kms.katalon.core.logging.XmlKeywordLogger</class>
  <method>logMessage</method>
  <thread>1</thread>
  <message>Timeout &amp;apos;0&amp;apos; is invalid. Using default page load timeout: &amp;apos;30&amp;apos;</message>
  <nestedLevel>1</nestedLevel>
</record>
<record>
  <date>2020-05-29T11:55:13</date>
  <millis>1590728113023</millis>
  <sequence>181</sequence>
  <level>PASSED</level>
  <class>com.kms.katalon.core.logging.XmlKeywordLogger</class>
  <method>logMessage</method>
  <thread>1</thread>
  <message>Object &amp;apos;Object Repository/Christi/Page_Dashboard/nama reward&amp;apos; is present</message>
  <nestedLevel>1</nestedLevel>
</record>
<record>
  <date>2020-05-29T11:55:13</date>
  <millis>1590728113024</millis>
  <sequence>182</sequence>
  <level>END</level>
  <class>com.kms.katalon.core.logging.XmlKeywordLogger</class>
  <method>endKeyword</method>
  <thread>1</thread>
  <message>End action : verifyElementPresent(findTestObject(\&amp;quot;Christi/Page_Dashboard/nama reward\&amp;quot;, [\&amp;quot;text\&amp;quot;:nama_reward]), 0)</message>
  <nestedLevel>2</nestedLevel>
</record>
<record>
  <date>2020-05-29T11:55:13</date>
  <millis>1590728113024</millis>
  <sequence>183</sequence>
  <level>END</level>
  <class>com.kms.katalon.core.logging.XmlKeywordLogger</class>
  <method>endKeyword</method>
  <thread>1</thread>
  <message>End action : if (expected == \&amp;quot;pass\&amp;quot;)</message>
  <nestedLevel>1</nestedLevel>
</record>
<record>
  <date>2020-05-29T11:55:13</date>
  <millis>1590728113024</millis>
  <sequence>184</sequence>
  <level>START</level>
  <class>com.kms.katalon.core.logging.XmlKeywordLogger</class>
  <method>startKeyword</method>
  <thread>1</thread>
  <message>Start action : closeBrowser()</message>
  <nestedLevel>1</nestedLevel>
  <property name="startLine">73</property>
  <property name="stepIndex">16</property>
</record>
<record>
  <date>2020-05-29T11:55:14</date>
  <millis>1590728114112</millis>
  <sequence>186</sequence>
  <level>PASSED</level>
  <class>com.kms.katalon.core.logging.XmlKeywordLogger</class>
  <method>logMessage</method>
  <thread>1</thread>
  <message>Browser is closed</message>
  <nestedLevel>1</nestedLevel>
</record>
<record>
  <date>2020-05-29T11:55:14</date>
  <millis>1590728114113</millis>
  <sequence>187</sequence>
  <level>END</level>
  <class>com.kms.katalon.core.logging.XmlKeywordLogger</class>
  <method>endKeyword</method>
  <thread>1</thread>
  <message>End action : closeBrowser()</message>
  <nestedLevel>1</nestedLevel>
</record>
<record>
  <date>2020-05-29T11:55:14</date>
  <millis>1590728114113</millis>
  <sequence>188</sequence>
  <level>PASSED</level>
  <class>com.kms.katalon.core.logging.XmlKeywordLogger</class>
  <method>logMessage</method>
  <thread>1</thread>
  <message>Test Cases/Christi/tambah reward</message>
  <nestedLevel>1</nestedLevel>
</record>
<record>
  <date>2020-05-29T11:55:14</date>
  <millis>1590728114114</millis>
  <sequence>189</sequence>
  <level>END</level>
  <class>com.kms.katalon.core.logging.XmlKeywordLogger</class>
  <method>endTest</method>
  <thread>1</thread>
  <message>End Test Case : Test Cases/Christi/tambah reward</message>
  <nestedLevel>0</nestedLevel>
</record>
<record>
  <date>2020-05-29T11:55:14</date>
  <millis>1590728114221</millis>
  <sequence>190</sequence>
  <level>END</level>
  <class>com.kms.katalon.core.logging.XmlKeywordLogger</class>
  <method>endSuite</method>
  <thread>1</thread>
  <message>End Test Suite : Test Suites/Christi/Reward Management - Reward Master List</message>
  <nestedLevel>0</nestedLevel>
</record>
</log>
<?xml version="1.0" encoding="UTF-8" standalone="no"?>
<!DOCTYPE log SYSTEM "logger.dtd">
<log>
<record>
  <date>2020-05-29T12:22:23</date>
  <millis>1590729743857</millis>
  <sequence>877</sequence>
  <level>INFO</level>
  <class>com.kms.katalon.core.logging.XmlKeywordLogger</class>
  <method>logMessage</method>
  <thread>1</thread>
  <message>Finding test data with id &amp;apos;Data Files/Christi/edit reward&amp;apos;</message>
  <nestedLevel>0</nestedLevel>
</record>
<record>
  <date>2020-05-29T12:22:23</date>
  <millis>1590729743886</millis>
  <sequence>878</sequence>
  <level>INFO</level>
  <class>com.kms.katalon.core.logging.XmlKeywordLogger</class>
  <method>logMessage</method>
  <thread>1</thread>
  <message>Test data is excel file, reading excel file</message>
  <nestedLevel>0</nestedLevel>
</record>
<record>
  <date>2020-05-29T12:22:23</date>
  <millis>1590729743888</millis>
  <sequence>879</sequence>
  <level>INFO</level>
  <class>com.kms.katalon.core.logging.XmlKeywordLogger</class>
  <method>logMessage</method>
  <thread>1</thread>
  <message>Reading excel file with source file &amp;apos;C:\\Users\\ASUS\\git\\HunterCMS\\Data Binding Christi.xlsx&amp;apos; and sheet name &amp;apos;edit reward&amp;apos;</message>
  <nestedLevel>0</nestedLevel>
</record>
<record>
  <date>2020-05-29T12:28:02</date>
  <millis>1590730082687</millis>
  <sequence>880</sequence>
  <level>INFO</level>
  <class>com.kms.katalon.core.logging.XmlKeywordLogger</class>
  <method>logMessage</method>
  <thread>1</thread>
  <message>Finding test data with id &amp;apos;Data Files/Christi/edit reward&amp;apos;</message>
  <nestedLevel>0</nestedLevel>
</record>
<record>
  <date>2020-05-29T12:28:02</date>
  <millis>1590730082690</millis>
  <sequence>881</sequence>
  <level>INFO</level>
  <class>com.kms.katalon.core.logging.XmlKeywordLogger</class>
  <method>logMessage</method>
  <thread>1</thread>
  <message>Test data is excel file, reading excel file</message>
  <nestedLevel>0</nestedLevel>
</record>
<record>
  <date>2020-05-29T12:28:02</date>
  <millis>1590730082692</millis>
  <sequence>882</sequence>
  <level>INFO</level>
  <class>com.kms.katalon.core.logging.XmlKeywordLogger</class>
  <method>logMessage</method>
  <thread>1</thread>
  <message>Reading excel file with source file &amp;apos;C:\\Users\\ASUS\\git\\HunterCMS\\Data Binding Christi.xlsx&amp;apos; and sheet name &amp;apos;edit reward&amp;apos;</message>
  <nestedLevel>0</nestedLevel>
</record>
<record>
  <date>2020-05-29T12:28:08</date>
  <millis>1590730088602</millis>
  <sequence>883</sequence>
  <level>INFO</level>
  <class>com.kms.katalon.core.logging.XmlKeywordLogger</class>
  <method>logMessage</method>
  <thread>1</thread>
  <message>Finding test data with id &amp;apos;Data Files/Christi/edit reward&amp;apos;</message>
  <nestedLevel>0</nestedLevel>
</record>
<record>
  <date>2020-05-29T12:28:08</date>
  <millis>1590730088605</millis>
  <sequence>884</sequence>
  <level>INFO</level>
  <class>com.kms.katalon.core.logging.XmlKeywordLogger</class>
  <method>logMessage</method>
  <thread>1</thread>
  <message>Test data is excel file, reading excel file</message>
  <nestedLevel>0</nestedLevel>
</record>
<record>
  <date>2020-05-29T12:28:08</date>
  <millis>1590730088606</millis>
  <sequence>885</sequence>
  <level>INFO</level>
  <class>com.kms.katalon.core.logging.XmlKeywordLogger</class>
  <method>logMessage</method>
  <thread>1</thread>
  <message>Reading excel file with source file &amp;apos;C:\\Users\\ASUS\\git\\HunterCMS\\Data Binding Christi.xlsx&amp;apos; and sheet name &amp;apos;edit reward&amp;apos;</message>
  <nestedLevel>0</nestedLevel>
</record>
<record>
  <date>2020-05-29T12:28:15</date>
  <millis>1590730095068</millis>
  <sequence>886</sequence>
  <level>INFO</level>
  <class>com.kms.katalon.core.logging.XmlKeywordLogger</class>
  <method>logMessage</method>
  <thread>1</thread>
  <message>Finding test data with id &amp;apos;Data Files/Christi/edit reward&amp;apos;</message>
  <nestedLevel>0</nestedLevel>
</record>
<record>
  <date>2020-05-29T12:28:15</date>
  <millis>1590730095070</millis>
  <sequence>887</sequence>
  <level>INFO</level>
  <class>com.kms.katalon.core.logging.XmlKeywordLogger</class>
  <method>logMessage</method>
  <thread>1</thread>
  <message>Test data is excel file, reading excel file</message>
  <nestedLevel>0</nestedLevel>
</record>
<record>
  <date>2020-05-29T12:28:15</date>
  <millis>1590730095071</millis>
  <sequence>888</sequence>
  <level>INFO</level>
  <class>com.kms.katalon.core.logging.XmlKeywordLogger</class>
  <method>logMessage</method>
  <thread>1</thread>
  <message>Reading excel file with source file &amp;apos;C:\\Users\\ASUS\\git\\HunterCMS\\Data Binding Christi.xlsx&amp;apos; and sheet name &amp;apos;edit reward&amp;apos;</message>
  <nestedLevel>0</nestedLevel>
</record>
<record>
  <date>2020-05-29T12:28:20</date>
  <millis>1590730100842</millis>
  <sequence>889</sequence>
  <level>INFO</level>
  <class>com.kms.katalon.core.logging.XmlKeywordLogger</class>
  <method>logMessage</method>
  <thread>1</thread>
  <message>Finding test data with id &amp;apos;Data Files/Christi/edit reward&amp;apos;</message>
  <nestedLevel>0</nestedLevel>
</record>
<record>
  <date>2020-05-29T12:28:20</date>
  <millis>1590730100844</millis>
  <sequence>890</sequence>
  <level>INFO</level>
  <class>com.kms.katalon.core.logging.XmlKeywordLogger</class>
  <method>logMessage</method>
  <thread>1</thread>
  <message>Test data is excel file, reading excel file</message>
  <nestedLevel>0</nestedLevel>
</record>
<record>
  <date>2020-05-29T12:28:20</date>
  <millis>1590730100845</millis>
  <sequence>891</sequence>
  <level>INFO</level>
  <class>com.kms.katalon.core.logging.XmlKeywordLogger</class>
  <method>logMessage</method>
  <thread>1</thread>
  <message>Reading excel file with source file &amp;apos;C:\\Users\\ASUS\\git\\HunterCMS\\Data Binding Christi.xlsx&amp;apos; and sheet name &amp;apos;edit reward&amp;apos;</message>
  <nestedLevel>0</nestedLevel>
</record>
<record>
  <date>2020-05-29T12:28:27</date>
  <millis>1590730107360</millis>
  <sequence>892</sequence>
  <level>INFO</level>
  <class>com.kms.katalon.core.logging.XmlKeywordLogger</class>
  <method>logMessage</method>
  <thread>1</thread>
  <message>Finding test data with id &amp;apos;Data Files/Christi/edit reward&amp;apos;</message>
  <nestedLevel>0</nestedLevel>
</record>
<record>
  <date>2020-05-29T12:28:27</date>
  <millis>1590730107364</millis>
  <sequence>893</sequence>
  <level>INFO</level>
  <class>com.kms.katalon.core.logging.XmlKeywordLogger</class>
  <method>logMessage</method>
  <thread>1</thread>
  <message>Test data is excel file, reading excel file</message>
  <nestedLevel>0</nestedLevel>
</record>
<record>
  <date>2020-05-29T12:28:27</date>
  <millis>1590730107366</millis>
  <sequence>894</sequence>
  <level>INFO</level>
  <class>com.kms.katalon.core.logging.XmlKeywordLogger</class>
  <method>logMessage</method>
  <thread>1</thread>
  <message>Reading excel file with source file &amp;apos;C:\\Users\\ASUS\\git\\HunterCMS\\Data Binding Christi.xlsx&amp;apos; and sheet name &amp;apos;edit reward&amp;apos;</message>
  <nestedLevel>0</nestedLevel>
</record>
<record>
  <date>2020-05-29T12:28:32</date>
  <millis>1590730112632</millis>
  <sequence>895</sequence>
  <level>INFO</level>
  <class>com.kms.katalon.core.logging.XmlKeywordLogger</class>
  <method>logMessage</method>
  <thread>1</thread>
  <message>Finding test data with id &amp;apos;Data Files/Christi/edit reward&amp;apos;</message>
  <nestedLevel>0</nestedLevel>
</record>
<record>
  <date>2020-05-29T12:28:32</date>
  <millis>1590730112636</millis>
  <sequence>896</sequence>
  <level>INFO</level>
  <class>com.kms.katalon.core.logging.XmlKeywordLogger</class>
  <method>logMessage</method>
  <thread>1</thread>
  <message>Test data is excel file, reading excel file</message>
  <nestedLevel>0</nestedLevel>
</record>
<record>
  <date>2020-05-29T12:28:32</date>
  <millis>1590730112636</millis>
  <sequence>897</sequence>
  <level>INFO</level>
  <class>com.kms.katalon.core.logging.XmlKeywordLogger</class>
  <method>logMessage</method>
  <thread>1</thread>
  <message>Reading excel file with source file &amp;apos;C:\\Users\\ASUS\\git\\HunterCMS\\Data Binding Christi.xlsx&amp;apos; and sheet name &amp;apos;edit reward&amp;apos;</message>
  <nestedLevel>0</nestedLevel>
</record>
<record>
  <date>2020-05-29T12:28:37</date>
  <millis>1590730117737</millis>
  <sequence>898</sequence>
  <level>INFO</level>
  <class>com.kms.katalon.core.logging.XmlKeywordLogger</class>
  <method>logMessage</method>
  <thread>1</thread>
  <message>Finding test data with id &amp;apos;Data Files/Christi/edit reward&amp;apos;</message>
  <nestedLevel>0</nestedLevel>
</record>
<record>
  <date>2020-05-29T12:28:37</date>
  <millis>1590730117740</millis>
  <sequence>899</sequence>
  <level>INFO</level>
  <class>com.kms.katalon.core.logging.XmlKeywordLogger</class>
  <method>logMessage</method>
  <thread>1</thread>
  <message>Test data is excel file, reading excel file</message>
  <nestedLevel>0</nestedLevel>
</record>
<record>
  <date>2020-05-29T12:28:37</date>
  <millis>1590730117741</millis>
  <sequence>900</sequence>
  <level>INFO</level>
  <class>com.kms.katalon.core.logging.XmlKeywordLogger</class>
  <method>logMessage</method>
  <thread>1</thread>
  <message>Reading excel file with source file &amp;apos;C:\\Users\\ASUS\\git\\HunterCMS\\Data Binding Christi.xlsx&amp;apos; and sheet name &amp;apos;edit reward&amp;apos;</message>
  <nestedLevel>0</nestedLevel>
</record>
<record>
  <date>2020-05-29T12:29:11</date>
  <millis>1590730151624</millis>
  <sequence>901</sequence>
  <level>INFO</level>
  <class>com.kms.katalon.core.logging.XmlKeywordLogger</class>
  <method>logMessage</method>
  <thread>406</thread>
  <message>Finding test data with id &amp;apos;Data Files/Christi/edit reward&amp;apos;</message>
  <nestedLevel>0</nestedLevel>
</record>
<record>
  <date>2020-05-29T12:29:11</date>
  <millis>1590730151633</millis>
  <sequence>902</sequence>
  <level>INFO</level>
  <class>com.kms.katalon.core.logging.XmlKeywordLogger</class>
  <method>logMessage</method>
  <thread>406</thread>
  <message>Test data is excel file, reading excel file</message>
  <nestedLevel>0</nestedLevel>
</record>
<record>
  <date>2020-05-29T12:29:11</date>
  <millis>1590730151634</millis>
  <sequence>903</sequence>
  <level>INFO</level>
  <class>com.kms.katalon.core.logging.XmlKeywordLogger</class>
  <method>logMessage</method>
  <thread>406</thread>
  <message>Reading excel file with source file &amp;apos;C:\\Users\\ASUS\\git\\HunterCMS\\Data Binding Christi.xlsx&amp;apos; and sheet name &amp;apos;edit reward&amp;apos;</message>
  <nestedLevel>0</nestedLevel>
</record>
<record>
  <date>2020-05-29T12:46:11</date>
  <millis>1590731171729</millis>
  <sequence>2047</sequence>
  <level>INFO</level>
  <class>com.kms.katalon.core.logging.XmlKeywordLogger</class>
  <method>logMessage</method>
  <thread>404</thread>
  <message>Finding test data with id &amp;apos;Data Files/Christi/edit reward&amp;apos;</message>
  <nestedLevel>0</nestedLevel>
</record>
<record>
  <date>2020-05-29T12:46:11</date>
  <millis>1590731171743</millis>
  <sequence>2048</sequence>
  <level>INFO</level>
  <class>com.kms.katalon.core.logging.XmlKeywordLogger</class>
  <method>logMessage</method>
  <thread>404</thread>
  <message>Test data is excel file, reading excel file</message>
  <nestedLevel>0</nestedLevel>
</record>
<record>
  <date>2020-05-29T12:46:11</date>
  <millis>1590731171744</millis>
  <sequence>2049</sequence>
  <level>INFO</level>
  <class>com.kms.katalon.core.logging.XmlKeywordLogger</class>
  <method>logMessage</method>
  <thread>404</thread>
  <message>Reading excel file with source file &amp;apos;C:\\Users\\ASUS\\git\\HunterCMS\\Data Binding Christi.xlsx&amp;apos; and sheet name &amp;apos;edit reward&amp;apos;</message>
  <nestedLevel>0</nestedLevel>
</record>
<record>
  <date>2020-05-29T12:54:21</date>
  <millis>1590731661663</millis>
  <sequence>2183</sequence>
  <level>INFO</level>
  <class>com.kms.katalon.core.logging.XmlKeywordLogger</class>
  <method>logMessage</method>
  <thread>457</thread>
  <message>Finding test data with id &amp;apos;Data Files/Christi/edit reward&amp;apos;</message>
  <nestedLevel>0</nestedLevel>
</record>
<record>
  <date>2020-05-29T12:54:21</date>
  <millis>1590731661677</millis>
  <sequence>2184</sequence>
  <level>INFO</level>
  <class>com.kms.katalon.core.logging.XmlKeywordLogger</class>
  <method>logMessage</method>
  <thread>457</thread>
  <message>Test data is excel file, reading excel file</message>
  <nestedLevel>0</nestedLevel>
</record>
<record>
  <date>2020-05-29T12:54:21</date>
  <millis>1590731661678</millis>
  <sequence>2185</sequence>
  <level>INFO</level>
  <class>com.kms.katalon.core.logging.XmlKeywordLogger</class>
  <method>logMessage</method>
  <thread>457</thread>
  <message>Reading excel file with source file &amp;apos;C:\\Users\\ASUS\\git\\HunterCMS\\Data Binding Christi.xlsx&amp;apos; and sheet name &amp;apos;edit reward&amp;apos;</message>
  <nestedLevel>0</nestedLevel>
</record>
<record>
  <date>2020-05-29T13:17:06</date>
  <millis>1590733026488</millis>
  <sequence>3392</sequence>
  <level>INFO</level>
  <class>com.kms.katalon.core.logging.XmlKeywordLogger</class>
  <method>logMessage</method>
  <thread>583</thread>
  <message>Finding test data with id &amp;apos;Data Files/Christi/edit reward&amp;apos;</message>
  <nestedLevel>0</nestedLevel>
</record>
<record>
  <date>2020-05-29T13:17:06</date>
  <millis>1590733026511</millis>
  <sequence>3393</sequence>
  <level>INFO</level>
  <class>com.kms.katalon.core.logging.XmlKeywordLogger</class>
  <method>logMessage</method>
  <thread>583</thread>
  <message>Test data is excel file, reading excel file</message>
  <nestedLevel>0</nestedLevel>
</record>
<record>
  <date>2020-05-29T13:17:06</date>
  <millis>1590733026511</millis>
  <sequence>3394</sequence>
  <level>INFO</level>
  <class>com.kms.katalon.core.logging.XmlKeywordLogger</class>
  <method>logMessage</method>
  <thread>583</thread>
  <message>Reading excel file with source file &amp;apos;C:\\Users\\ASUS\\git\\HunterCMS\\Data Binding Christi.xlsx&amp;apos; and sheet name &amp;apos;edit reward&amp;apos;</message>
  <nestedLevel>0</nestedLevel>
</record>
<record>
  <date>2020-05-29T13:18:00</date>
  <millis>1590733080745</millis>
  <sequence>3415</sequence>
  <level>INFO</level>
  <class>com.kms.katalon.core.logging.XmlKeywordLogger</class>
  <method>logMessage</method>
  <thread>457</thread>
  <message>Finding test data with id &amp;apos;Data Files/Christi/edit reward&amp;apos;</message>
  <nestedLevel>0</nestedLevel>
</record>
<record>
  <date>2020-05-29T13:18:00</date>
  <millis>1590733080747</millis>
  <sequence>3416</sequence>
  <level>INFO</level>
  <class>com.kms.katalon.core.logging.XmlKeywordLogger</class>
  <method>logMessage</method>
  <thread>457</thread>
  <message>Test data is excel file, reading excel file</message>
  <nestedLevel>0</nestedLevel>
</record>
<record>
  <date>2020-05-29T13:18:00</date>
  <millis>1590733080748</millis>
  <sequence>3417</sequence>
  <level>INFO</level>
  <class>com.kms.katalon.core.logging.XmlKeywordLogger</class>
  <method>logMessage</method>
  <thread>457</thread>
  <message>Reading excel file with source file &amp;apos;C:\\Users\\ASUS\\git\\HunterCMS\\Data Binding Christi.xlsx&amp;apos; and sheet name &amp;apos;edit reward&amp;apos;</message>
  <nestedLevel>0</nestedLevel>
</record>
<record>
  <date>2020-05-29T14:19:42</date>
  <millis>1590736782024</millis>
  <sequence>4636</sequence>
  <level>INFO</level>
  <class>com.kms.katalon.core.logging.XmlKeywordLogger</class>
  <method>logMessage</method>
  <thread>663</thread>
  <message>Finding test data with id &amp;apos;Data Files/Christi/edit reward&amp;apos;</message>
  <nestedLevel>0</nestedLevel>
</record>
<record>
  <date>2020-05-29T14:19:42</date>
  <millis>1590736782065</millis>
  <sequence>4637</sequence>
  <level>INFO</level>
  <class>com.kms.katalon.core.logging.XmlKeywordLogger</class>
  <method>logMessage</method>
  <thread>663</thread>
  <message>Test data is excel file, reading excel file</message>
  <nestedLevel>0</nestedLevel>
</record>
<record>
  <date>2020-05-29T14:19:42</date>
  <millis>1590736782066</millis>
  <sequence>4638</sequence>
  <level>INFO</level>
  <class>com.kms.katalon.core.logging.XmlKeywordLogger</class>
  <method>logMessage</method>
  <thread>663</thread>
  <message>Reading excel file with source file &amp;apos;C:\\Users\\ASUS\\git\\HunterCMS\\Data Binding Christi.xlsx&amp;apos; and sheet name &amp;apos;edit reward&amp;apos;</message>
  <nestedLevel>0</nestedLevel>
</record>
<record>
  <date>2020-05-29T14:37:30</date>
  <millis>1590737850481</millis>
  <sequence>4698</sequence>
  <level>INFO</level>
  <class>com.kms.katalon.core.logging.XmlKeywordLogger</class>
  <method>logMessage</method>
  <thread>707</thread>
  <message>Finding test data with id &amp;apos;Data Files/Christi/edit reward&amp;apos;</message>
  <nestedLevel>0</nestedLevel>
</record>
<record>
  <date>2020-05-29T14:37:30</date>
  <millis>1590737850536</millis>
  <sequence>4699</sequence>
  <level>INFO</level>
  <class>com.kms.katalon.core.logging.XmlKeywordLogger</class>
  <method>logMessage</method>
  <thread>707</thread>
  <message>Test data is excel file, reading excel file</message>
  <nestedLevel>0</nestedLevel>
</record>
<record>
  <date>2020-05-29T14:37:30</date>
  <millis>1590737850537</millis>
  <sequence>4700</sequence>
  <level>INFO</level>
  <class>com.kms.katalon.core.logging.XmlKeywordLogger</class>
  <method>logMessage</method>
  <thread>707</thread>
  <message>Reading excel file with source file &amp;apos;C:\\Users\\ASUS\\git\\HunterCMS\\Data Binding Christi.xlsx&amp;apos; and sheet name &amp;apos;edit reward&amp;apos;</message>
  <nestedLevel>0</nestedLevel>
</record>
<record>
  <date>2020-05-29T14:43:58</date>
  <millis>1590738238130</millis>
  <sequence>4968</sequence>
  <level>INFO</level>
  <class>com.kms.katalon.core.logging.XmlKeywordLogger</class>
  <method>logMessage</method>
  <thread>734</thread>
  <message>Finding test data with id &amp;apos;Data Files/Christi/edit reward&amp;apos;</message>
  <nestedLevel>0</nestedLevel>
</record>
<record>
  <date>2020-05-29T14:43:58</date>
  <millis>1590738238138</millis>
  <sequence>4969</sequence>
  <level>INFO</level>
  <class>com.kms.katalon.core.logging.XmlKeywordLogger</class>
  <method>logMessage</method>
  <thread>734</thread>
  <message>Test data is excel file, reading excel file</message>
  <nestedLevel>0</nestedLevel>
</record>
<record>
  <date>2020-05-29T14:43:58</date>
  <millis>1590738238138</millis>
  <sequence>4970</sequence>
  <level>INFO</level>
  <class>com.kms.katalon.core.logging.XmlKeywordLogger</class>
  <method>logMessage</method>
  <thread>734</thread>
  <message>Reading excel file with source file &amp;apos;C:\\Users\\ASUS\\git\\HunterCMS\\Data Binding Christi.xlsx&amp;apos; and sheet name &amp;apos;edit reward&amp;apos;</message>
  <nestedLevel>0</nestedLevel>
</record>
<record>
  <date>2020-05-29T14:48:47</date>
  <millis>1590738527294</millis>
  <sequence>5238</sequence>
  <level>INFO</level>
  <class>com.kms.katalon.core.logging.XmlKeywordLogger</class>
  <method>logMessage</method>
  <thread>685</thread>
  <message>Finding test data with id &amp;apos;Data Files/Christi/edit reward&amp;apos;</message>
  <nestedLevel>0</nestedLevel>
</record>
<record>
  <date>2020-05-29T14:48:47</date>
  <millis>1590738527308</millis>
  <sequence>5239</sequence>
  <level>INFO</level>
  <class>com.kms.katalon.core.logging.XmlKeywordLogger</class>
  <method>logMessage</method>
  <thread>685</thread>
  <message>Test data is excel file, reading excel file</message>
  <nestedLevel>0</nestedLevel>
</record>
<record>
  <date>2020-05-29T14:48:47</date>
  <millis>1590738527309</millis>
  <sequence>5240</sequence>
  <level>INFO</level>
  <class>com.kms.katalon.core.logging.XmlKeywordLogger</class>
  <method>logMessage</method>
  <thread>685</thread>
  <message>Reading excel file with source file &amp;apos;C:\\Users\\ASUS\\git\\HunterCMS\\Data Binding Christi.xlsx&amp;apos; and sheet name &amp;apos;edit reward&amp;apos;</message>
  <nestedLevel>0</nestedLevel>
</record>
<record>
  <date>2020-05-29T15:24:14</date>
  <millis>1590740654572</millis>
  <sequence>6579</sequence>
  <level>INFO</level>
  <class>com.kms.katalon.core.logging.XmlKeywordLogger</class>
  <method>logMessage</method>
  <thread>819</thread>
  <message>Finding test data with id &amp;apos;Data Files/Christi/edit reward&amp;apos;</message>
  <nestedLevel>0</nestedLevel>
</record>
<record>
  <date>2020-05-29T15:24:14</date>
  <millis>1590740654599</millis>
  <sequence>6580</sequence>
  <level>INFO</level>
  <class>com.kms.katalon.core.logging.XmlKeywordLogger</class>
  <method>logMessage</method>
  <thread>819</thread>
  <message>Test data is excel file, reading excel file</message>
  <nestedLevel>0</nestedLevel>
</record>
<record>
  <date>2020-05-29T15:24:14</date>
  <millis>1590740654600</millis>
  <sequence>6581</sequence>
  <level>INFO</level>
  <class>com.kms.katalon.core.logging.XmlKeywordLogger</class>
  <method>logMessage</method>
  <thread>819</thread>
  <message>Reading excel file with source file &amp;apos;C:\\Users\\ASUS\\git\\HunterCMS\\Data Binding Christi.xlsx&amp;apos; and sheet name &amp;apos;edit reward&amp;apos;</message>
  <nestedLevel>0</nestedLevel>
</record>
<record>
  <date>2020-05-29T15:46:04</date>
  <millis>1590741964333</millis>
  <sequence>7992</sequence>
  <level>INFO</level>
  <class>com.kms.katalon.core.logging.XmlKeywordLogger</class>
  <method>logMessage</method>
  <thread>878</thread>
  <message>Finding test data with id &amp;apos;Data Files/Christi/edit reward&amp;apos;</message>
  <nestedLevel>0</nestedLevel>
</record>
<record>
  <date>2020-05-29T15:46:04</date>
  <millis>1590741964390</millis>
  <sequence>7993</sequence>
  <level>INFO</level>
  <class>com.kms.katalon.core.logging.XmlKeywordLogger</class>
  <method>logMessage</method>
  <thread>878</thread>
  <message>Test data is excel file, reading excel file</message>
  <nestedLevel>0</nestedLevel>
</record>
<record>
  <date>2020-05-29T15:46:04</date>
  <millis>1590741964390</millis>
  <sequence>7994</sequence>
  <level>INFO</level>
  <class>com.kms.katalon.core.logging.XmlKeywordLogger</class>
  <method>logMessage</method>
  <thread>878</thread>
  <message>Reading excel file with source file &amp;apos;C:\\Users\\ASUS\\git\\HunterCMS\\Data Binding Christi.xlsx&amp;apos; and sheet name &amp;apos;edit reward&amp;apos;</message>
  <nestedLevel>0</nestedLevel>
</record>
<record>
  <date>2020-05-29T15:58:02</date>
  <millis>1590742682166</millis>
  <sequence>9504</sequence>
  <level>INFO</level>
  <class>com.kms.katalon.core.logging.XmlKeywordLogger</class>
  <method>logMessage</method>
  <thread>819</thread>
  <message>Finding test data with id &amp;apos;Data Files/Christi/edit reward&amp;apos;</message>
  <nestedLevel>0</nestedLevel>
</record>
<record>
  <date>2020-05-29T15:58:02</date>
  <millis>1590742682213</millis>
  <sequence>9505</sequence>
  <level>INFO</level>
  <class>com.kms.katalon.core.logging.XmlKeywordLogger</class>
  <method>logMessage</method>
  <thread>819</thread>
  <message>Test data is excel file, reading excel file</message>
  <nestedLevel>0</nestedLevel>
</record>
<record>
  <date>2020-05-29T15:58:02</date>
  <millis>1590742682213</millis>
  <sequence>9506</sequence>
  <level>INFO</level>
  <class>com.kms.katalon.core.logging.XmlKeywordLogger</class>
  <method>logMessage</method>
  <thread>819</thread>
  <message>Reading excel file with source file &amp;apos;C:\\Users\\ASUS\\git\\HunterCMS\\Data Binding Christi.xlsx&amp;apos; and sheet name &amp;apos;edit reward&amp;apos;</message>
  <nestedLevel>0</nestedLevel>
</record>
<record>
  <date>2020-05-29T16:12:24</date>
  <millis>1590743544391</millis>
  <sequence>10022</sequence>
  <level>INFO</level>
  <class>com.kms.katalon.core.logging.XmlKeywordLogger</class>
  <method>logMessage</method>
  <thread>1038</thread>
  <message>Finding test data with id &amp;apos;Data Files/Christi/edit reward&amp;apos;</message>
  <nestedLevel>0</nestedLevel>
</record>
<record>
  <date>2020-05-29T16:12:24</date>
  <millis>1590743544441</millis>
  <sequence>10023</sequence>
  <level>INFO</level>
  <class>com.kms.katalon.core.logging.XmlKeywordLogger</class>
  <method>logMessage</method>
  <thread>1038</thread>
  <message>Test data is excel file, reading excel file</message>
  <nestedLevel>0</nestedLevel>
</record>
<record>
  <date>2020-05-29T16:12:24</date>
  <millis>1590743544442</millis>
  <sequence>10024</sequence>
  <level>INFO</level>
  <class>com.kms.katalon.core.logging.XmlKeywordLogger</class>
  <method>logMessage</method>
  <thread>1038</thread>
  <message>Reading excel file with source file &amp;apos;C:\\Users\\ASUS\\git\\HunterCMS\\Data Binding Christi.xlsx&amp;apos; and sheet name &amp;apos;edit reward&amp;apos;</message>
  <nestedLevel>0</nestedLevel>
</record>
<record>
  <date>2020-05-29T16:19:24</date>
  <millis>1590743964036</millis>
  <sequence>11228</sequence>
  <level>INFO</level>
  <class>com.kms.katalon.core.logging.XmlKeywordLogger</class>
  <method>logMessage</method>
  <thread>1043</thread>
  <message>Finding test data with id &amp;apos;Data Files/Christi/edit reward&amp;apos;</message>
  <nestedLevel>0</nestedLevel>
</record>
<record>
  <date>2020-05-29T16:19:24</date>
  <millis>1590743964063</millis>
  <sequence>11229</sequence>
  <level>INFO</level>
  <class>com.kms.katalon.core.logging.XmlKeywordLogger</class>
  <method>logMessage</method>
  <thread>1043</thread>
  <message>Test data is excel file, reading excel file</message>
  <nestedLevel>0</nestedLevel>
</record>
<record>
  <date>2020-05-29T16:19:24</date>
  <millis>1590743964063</millis>
  <sequence>11230</sequence>
  <level>INFO</level>
  <class>com.kms.katalon.core.logging.XmlKeywordLogger</class>
  <method>logMessage</method>
  <thread>1043</thread>
  <message>Reading excel file with source file &amp;apos;C:\\Users\\ASUS\\git\\HunterCMS\\Data Binding Christi.xlsx&amp;apos; and sheet name &amp;apos;edit reward&amp;apos;</message>
  <nestedLevel>0</nestedLevel>
</record>
<record>
  <date>2020-05-29T16:22:34</date>
  <millis>1590744154302</millis>
  <sequence>11308</sequence>
  <level>INFO</level>
  <class>com.kms.katalon.core.logging.XmlKeywordLogger</class>
  <method>logMessage</method>
  <thread>992</thread>
  <message>Finding test data with id &amp;apos;Data Files/Christi/edit reward&amp;apos;</message>
  <nestedLevel>0</nestedLevel>
</record>
<record>
  <date>2020-05-29T16:22:34</date>
  <millis>1590744154308</millis>
  <sequence>11309</sequence>
  <level>INFO</level>
  <class>com.kms.katalon.core.logging.XmlKeywordLogger</class>
  <method>logMessage</method>
  <thread>992</thread>
  <message>Test data is excel file, reading excel file</message>
  <nestedLevel>0</nestedLevel>
</record>
<record>
  <date>2020-05-29T16:22:34</date>
  <millis>1590744154309</millis>
  <sequence>11310</sequence>
  <level>INFO</level>
  <class>com.kms.katalon.core.logging.XmlKeywordLogger</class>
  <method>logMessage</method>
  <thread>992</thread>
  <message>Reading excel file with source file &amp;apos;C:\\Users\\ASUS\\git\\HunterCMS\\Data Binding Christi.xlsx&amp;apos; and sheet name &amp;apos;edit reward&amp;apos;</message>
  <nestedLevel>0</nestedLevel>
</record>
<record>
  <date>2020-05-29T16:38:19</date>
  <millis>1590745099404</millis>
  <sequence>12430</sequence>
  <level>INFO</level>
  <class>com.kms.katalon.core.logging.XmlKeywordLogger</class>
  <method>logMessage</method>
  <thread>1148</thread>
  <message>Finding test data with id &amp;apos;Data Files/Christi/edit reward&amp;apos;</message>
  <nestedLevel>0</nestedLevel>
</record>
<record>
  <date>2020-05-29T16:38:19</date>
  <millis>1590745099434</millis>
  <sequence>12431</sequence>
  <level>INFO</level>
  <class>com.kms.katalon.core.logging.XmlKeywordLogger</class>
  <method>logMessage</method>
  <thread>1148</thread>
  <message>Test data is excel file, reading excel file</message>
  <nestedLevel>0</nestedLevel>
</record>
<record>
  <date>2020-05-29T16:38:19</date>
  <millis>1590745099434</millis>
  <sequence>12432</sequence>
  <level>INFO</level>
  <class>com.kms.katalon.core.logging.XmlKeywordLogger</class>
  <method>logMessage</method>
  <thread>1148</thread>
  <message>Reading excel file with source file &amp;apos;C:\\Users\\ASUS\\git\\HunterCMS\\Data Binding Christi.xlsx&amp;apos; and sheet name &amp;apos;edit reward&amp;apos;</message>
  <nestedLevel>0</nestedLevel>
</record>
<record>
  <date>2020-05-29T16:40:17</date>
  <millis>1590745217875</millis>
  <sequence>12523</sequence>
  <level>INFO</level>
  <class>com.kms.katalon.core.logging.XmlKeywordLogger</class>
  <method>logMessage</method>
  <thread>1148</thread>
  <message>Finding test data with id &amp;apos;Data Files/Christi/edit reward&amp;apos;</message>
  <nestedLevel>0</nestedLevel>
</record>
<record>
  <date>2020-05-29T16:40:17</date>
  <millis>1590745217884</millis>
  <sequence>12524</sequence>
  <level>INFO</level>
  <class>com.kms.katalon.core.logging.XmlKeywordLogger</class>
  <method>logMessage</method>
  <thread>1148</thread>
  <message>Test data is excel file, reading excel file</message>
  <nestedLevel>0</nestedLevel>
</record>
<record>
  <date>2020-05-29T16:40:17</date>
  <millis>1590745217887</millis>
  <sequence>12525</sequence>
  <level>INFO</level>
  <class>com.kms.katalon.core.logging.XmlKeywordLogger</class>
  <method>logMessage</method>
  <thread>1148</thread>
  <message>Reading excel file with source file &amp;apos;C:\\Users\\ASUS\\git\\HunterCMS\\Data Binding Christi.xlsx&amp;apos; and sheet name &amp;apos;edit reward&amp;apos;</message>
  <nestedLevel>0</nestedLevel>
</record>
<record>
  <date>2020-05-29T19:27:17</date>
  <millis>1590755237121</millis>
  <sequence>13485</sequence>
  <level>INFO</level>
  <class>com.kms.katalon.core.logging.XmlKeywordLogger</class>
  <method>logMessage</method>
  <thread>1293</thread>
  <message>Finding test data with id &amp;apos;Data Files/Christi/edit reward&amp;apos;</message>
  <nestedLevel>0</nestedLevel>
</record>
<record>
  <date>2020-05-29T19:27:17</date>
  <millis>1590755237170</millis>
  <sequence>13486</sequence>
  <level>INFO</level>
  <class>com.kms.katalon.core.logging.XmlKeywordLogger</class>
  <method>logMessage</method>
  <thread>1293</thread>
  <message>Test data is excel file, reading excel file</message>
  <nestedLevel>0</nestedLevel>
</record>
<record>
  <date>2020-05-29T19:27:17</date>
  <millis>1590755237171</millis>
  <sequence>13487</sequence>
  <level>INFO</level>
  <class>com.kms.katalon.core.logging.XmlKeywordLogger</class>
  <method>logMessage</method>
  <thread>1293</thread>
  <message>Reading excel file with source file &amp;apos;C:\\Users\\ASUS\\git\\HunterCMS\\Data Binding Christi.xlsx&amp;apos; and sheet name &amp;apos;edit reward&amp;apos;</message>
  <nestedLevel>0</nestedLevel>
</record>
<record>
  <date>2020-05-29T19:52:11</date>
  <millis>1590756731205</millis>
  <sequence>14985</sequence>
  <level>INFO</level>
  <class>com.kms.katalon.core.logging.XmlKeywordLogger</class>
  <method>logMessage</method>
  <thread>1349</thread>
  <message>Finding test data with id &amp;apos;Data Files/Christi/edit reward&amp;apos;</message>
  <nestedLevel>0</nestedLevel>
</record>
<record>
  <date>2020-05-29T19:52:11</date>
  <millis>1590756731247</millis>
  <sequence>14986</sequence>
  <level>INFO</level>
  <class>com.kms.katalon.core.logging.XmlKeywordLogger</class>
  <method>logMessage</method>
  <thread>1349</thread>
  <message>Test data is excel file, reading excel file</message>
  <nestedLevel>0</nestedLevel>
</record>
<record>
  <date>2020-05-29T19:52:11</date>
  <millis>1590756731248</millis>
  <sequence>14987</sequence>
  <level>INFO</level>
  <class>com.kms.katalon.core.logging.XmlKeywordLogger</class>
  <method>logMessage</method>
  <thread>1349</thread>
  <message>Reading excel file with source file &amp;apos;C:\\Users\\ASUS\\git\\HunterCMS\\Data Binding Christi.xlsx&amp;apos; and sheet name &amp;apos;edit reward&amp;apos;</message>
  <nestedLevel>0</nestedLevel>
</record>
<record>
  <date>2020-05-29T20:01:06</date>
  <millis>1590757266968</millis>
  <sequence>15495</sequence>
  <level>INFO</level>
  <class>com.kms.katalon.core.logging.XmlKeywordLogger</class>
  <method>logMessage</method>
  <thread>1381</thread>
  <message>Finding test data with id &amp;apos;Data Files/Christi/add reward&amp;apos;</message>
  <nestedLevel>0</nestedLevel>
</record>
<record>
  <date>2020-05-29T20:01:07</date>
  <millis>1590757267017</millis>
  <sequence>15496</sequence>
  <level>INFO</level>
  <class>com.kms.katalon.core.logging.XmlKeywordLogger</class>
  <method>logMessage</method>
  <thread>1381</thread>
  <message>Test data is excel file, reading excel file</message>
  <nestedLevel>0</nestedLevel>
</record>
<record>
  <date>2020-05-29T20:01:07</date>
  <millis>1590757267018</millis>
  <sequence>15497</sequence>
  <level>INFO</level>
  <class>com.kms.katalon.core.logging.XmlKeywordLogger</class>
  <method>logMessage</method>
  <thread>1381</thread>
  <message>Reading excel file with source file &amp;apos;C:\\Users\\ASUS\\git\\HunterCMS\\Data Binding Christi.xlsx&amp;apos; and sheet name &amp;apos;tambah reward&amp;apos;</message>
  <nestedLevel>0</nestedLevel>
</record>
<record>
  <date>2020-05-29T20:08:10</date>
  <millis>1590757690629</millis>
  <sequence>15654</sequence>
  <level>INFO</level>
  <class>com.kms.katalon.core.logging.XmlKeywordLogger</class>
  <method>logMessage</method>
  <thread>1414</thread>
  <message>Finding test data with id &amp;apos;Data Files/Christi/add reward&amp;apos;</message>
  <nestedLevel>0</nestedLevel>
</record>
<record>
  <date>2020-05-29T20:08:10</date>
  <millis>1590757690777</millis>
  <sequence>15655</sequence>
  <level>INFO</level>
  <class>com.kms.katalon.core.logging.XmlKeywordLogger</class>
  <method>logMessage</method>
  <thread>1414</thread>
  <message>Test data is excel file, reading excel file</message>
  <nestedLevel>0</nestedLevel>
</record>
<record>
  <date>2020-05-29T20:08:10</date>
  <millis>1590757690778</millis>
  <sequence>15656</sequence>
  <level>INFO</level>
  <class>com.kms.katalon.core.logging.XmlKeywordLogger</class>
  <method>logMessage</method>
  <thread>1414</thread>
  <message>Reading excel file with source file &amp;apos;C:\\Users\\ASUS\\git\\HunterCMS\\Data Binding Christi.xlsx&amp;apos; and sheet name &amp;apos;tambah reward&amp;apos;</message>
  <nestedLevel>0</nestedLevel>
</record>
<record>
  <date>2020-05-29T21:35:46</date>
  <millis>1590762946268</millis>
  <sequence>17579</sequence>
  <level>INFO</level>
  <class>com.kms.katalon.core.logging.XmlKeywordLogger</class>
  <method>logMessage</method>
  <thread>1</thread>
  <message>Finding test data with id &amp;apos;Data Files/Christi/delete reward&amp;apos;</message>
  <nestedLevel>0</nestedLevel>
</record>
<record>
  <date>2020-05-29T21:35:46</date>
  <millis>1590762946312</millis>
  <sequence>17580</sequence>
  <level>INFO</level>
  <class>com.kms.katalon.core.logging.XmlKeywordLogger</class>
  <method>logMessage</method>
  <thread>1</thread>
  <message>Test data is excel file, reading excel file</message>
  <nestedLevel>0</nestedLevel>
</record>
<record>
  <date>2020-05-29T21:35:46</date>
  <millis>1590762946313</millis>
  <sequence>17581</sequence>
  <level>INFO</level>
  <class>com.kms.katalon.core.logging.XmlKeywordLogger</class>
  <method>logMessage</method>
  <thread>1</thread>
  <message>Reading excel file with source file &amp;apos;C:\\Users\\ASUS\\git\\HunterCMS\\Data Binding Christi.xlsx&amp;apos; and sheet name &amp;apos;delete reward&amp;apos;</message>
  <nestedLevel>0</nestedLevel>
</record>
<record>
  <date>2020-05-29T21:35:52</date>
  <millis>1590762952204</millis>
  <sequence>17582</sequence>
  <level>INFO</level>
  <class>com.kms.katalon.core.logging.XmlKeywordLogger</class>
  <method>logMessage</method>
  <thread>1</thread>
  <message>Finding test data with id &amp;apos;Data Files/Christi/delete reward&amp;apos;</message>
  <nestedLevel>0</nestedLevel>
</record>
<record>
  <date>2020-05-29T21:35:52</date>
  <millis>1590762952206</millis>
  <sequence>17583</sequence>
  <level>INFO</level>
  <class>com.kms.katalon.core.logging.XmlKeywordLogger</class>
  <method>logMessage</method>
  <thread>1</thread>
  <message>Test data is excel file, reading excel file</message>
  <nestedLevel>0</nestedLevel>
</record>
<record>
  <date>2020-05-29T21:35:52</date>
  <millis>1590762952207</millis>
  <sequence>17584</sequence>
  <level>INFO</level>
  <class>com.kms.katalon.core.logging.XmlKeywordLogger</class>
  <method>logMessage</method>
  <thread>1</thread>
  <message>Reading excel file with source file &amp;apos;C:\\Users\\ASUS\\git\\HunterCMS\\Data Binding Christi.xlsx&amp;apos; and sheet name &amp;apos;delete reward&amp;apos;</message>
  <nestedLevel>0</nestedLevel>
</record>
<record>
  <date>2020-05-29T21:35:58</date>
  <millis>1590762958367</millis>
  <sequence>17585</sequence>
  <level>INFO</level>
  <class>com.kms.katalon.core.logging.XmlKeywordLogger</class>
  <method>logMessage</method>
  <thread>1771</thread>
  <message>Finding test data with id &amp;apos;Data Files/Christi/delete reward&amp;apos;</message>
  <nestedLevel>0</nestedLevel>
</record>
<record>
  <date>2020-05-29T21:35:58</date>
  <millis>1590762958369</millis>
  <sequence>17586</sequence>
  <level>INFO</level>
  <class>com.kms.katalon.core.logging.XmlKeywordLogger</class>
  <method>logMessage</method>
  <thread>1771</thread>
  <message>Test data is excel file, reading excel file</message>
  <nestedLevel>0</nestedLevel>
</record>
<record>
  <date>2020-05-29T21:35:58</date>
  <millis>1590762958369</millis>
  <sequence>17587</sequence>
  <level>INFO</level>
  <class>com.kms.katalon.core.logging.XmlKeywordLogger</class>
  <method>logMessage</method>
  <thread>1771</thread>
  <message>Reading excel file with source file &amp;apos;C:\\Users\\ASUS\\git\\HunterCMS\\Data Binding Christi.xlsx&amp;apos; and sheet name &amp;apos;delete reward&amp;apos;</message>
  <nestedLevel>0</nestedLevel>
</record>
